[debug] [2023-08-12T08:02:01.475Z] ----------------------------------------------------------------------
[debug] [2023-08-12T08:02:01.477Z] Command:       C:\Program Files\nodejs\node.exe C:\Users\NISHCHAY RAJPAL\AppData\Roaming\npm\node_modules\firebase-tools\lib\bin\firebase.js init
[debug] [2023-08-12T08:02:01.477Z] CLI Version:   12.4.7
[debug] [2023-08-12T08:02:01.478Z] Platform:      win32
[debug] [2023-08-12T08:02:01.478Z] Node Version:  v18.16.0
[debug] [2023-08-12T08:02:01.479Z] Time:          Sat Aug 12 2023 13:32:01 GMT+0530 (India Standard Time)
[debug] [2023-08-12T08:02:01.479Z] ----------------------------------------------------------------------
[debug] 
[debug] [2023-08-12T08:02:01.486Z] > command requires scopes: ["email","openid","https://www.googleapis.com/auth/cloudplatformprojects.readonly","https://www.googleapis.com/auth/firebase","https://www.googleapis.com/auth/cloud-platform"]
[debug] [2023-08-12T08:02:01.487Z] > authorizing via signed-in user (nishchayrajpal8@gmail.com)
[info] 
     ######## #### ########  ######## ########     ###     ######  ########
     ##        ##  ##     ## ##       ##     ##  ##   ##  ##       ##
     ######    ##  ########  ######   ########  #########  ######  ######
     ##        ##  ##    ##  ##       ##     ## ##     ##       ## ##
     ##       #### ##     ## ######## ########  ##     ##  ######  ########

You're about to initialize a Firebase project in this directory:

  C:\Users\NISHCHAY RAJPAL\OneDrive\Desktop\react tut\MyNews\Daily_News

[info] 
=== Project Setup
[info] 
[info] First, let's associate this project directory with a Firebase project.
[info] You can create multiple project aliases by running firebase use --add, 
[info] but for now we'll just set up a default project.
[info] 
[debug] [2023-08-12T08:02:08.861Z] >>> [apiv2][query] GET https://firebase.googleapis.com/v1beta1/projects pageSize=100
[debug] [2023-08-12T08:02:09.855Z] <<< [apiv2][status] GET https://firebase.googleapis.com/v1beta1/projects 200
[debug] [2023-08-12T08:02:09.855Z] <<< [apiv2][body] GET https://firebase.googleapis.com/v1beta1/projects [omitted]
[info] i  Using project dailynews-fdec9 (dailynews) 
[info] 
=== Hosting Setup
[info] 
[info] Your public directory is the folder (relative to your project directory) that
[info] will contain Hosting assets to be uploaded with firebase deploy. If you
[info] have a build process for your assets, use your build's output directory.
[info] 
[info] i  Skipping write of public/404.html 
[debug] [2023-08-12T08:02:26.704Z] >>> [apiv2][query] GET https://www.gstatic.com/firebasejs/releases.json [none]
[debug] [2023-08-12T08:02:26.814Z] <<< [apiv2][status] GET https://www.gstatic.com/firebasejs/releases.json 200
[debug] [2023-08-12T08:02:26.814Z] <<< [apiv2][body] GET https://www.gstatic.com/firebasejs/releases.json {"current":{"version":"10.1.0","browserURL":"https://www.gstatic.com/firebasejs/10.1.0/firebase.js","packageURL":"https://www.gstatic.com/firebasejs/10.1.0/firebase.tgz"},"live":{"version":"10.1","browserURL":"https://www.gstatic.com/firebasejs/live/10.1/firebase.js","packageURL":"https://www.gstatic.com/firebasejs/live/10.1/firebase.tgz"},"components":{"analytics":"https://www.gstatic.com/firebasejs/10.1.0/firebase-analytics.js","app":"https://www.gstatic.com/firebasejs/10.1.0/firebase-app.js","app-check":"https://www.gstatic.com/firebasejs/10.1.0/firebase-app-check.js","auth":"https://www.gstatic.com/firebasejs/10.1.0/firebase-auth.js","auth/cordova":"https://www.gstatic.com/firebasejs/10.1.0/firebase-auth/cordova.js","functions":"https://www.gstatic.com/firebasejs/10.1.0/firebase-functions.js","firestore":"https://www.gstatic.com/firebasejs/10.1.0/firebase-firestore.js","firestore/lite":"https://www.gstatic.com/firebasejs/10.1.0/firebase-firestore/lite.js","installations":"https://www.gstatic.com/firebasejs/10.1.0/firebase-installations.js","storage":"https://www.gstatic.com/firebasejs/10.1.0/firebase-storage.js","performance":"https://www.gstatic.com/firebasejs/10.1.0/firebase-performance.js","remote-config":"https://www.gstatic.com/firebasejs/10.1.0/firebase-remote-config.js","messaging":"https://www.gstatic.com/firebasejs/10.1.0/firebase-messaging.js","messaging/sw":"https://www.gstatic.com/firebasejs/10.1.0/firebase-messaging/sw.js","database":"https://www.gstatic.com/firebasejs/10.1.0/firebase-database.js","firestore.memory":"https://www.gstatic.com/firebasejs/10.1.0/firebase-firestore.memory.js"}}
[info] i  Skipping write of public/index.html 
[info] 
[info] i  Detected a .git folder at C:\Users\NISHCHAY RAJPAL\OneDrive\Desktop\react tut\MyNews\Daily_News 
[info] i  Authorizing with GitHub to upload your service account to a GitHub repository's secrets store. 
[info] 
[info] Visit this URL on this device to log in:
[info] https://github.com/login/oauth/authorize?client_id=89cf50f02ac6aaed3484&state=602614006&redirect_uri=http%3A%2F%2Flocalhost%3A9005&scope=read%3Auser%20repo%20public_repo
[info] 
[info] Waiting for authentication...
[debug] [2023-08-12T08:02:41.863Z] >>> [apiv2][query] POST https://github.com/login/oauth/access_token [none]
[debug] [2023-08-12T08:02:41.863Z] >>> [apiv2][body] POST https://github.com/login/oauth/access_token [stream]
[debug] [2023-08-12T08:02:42.221Z] <<< [apiv2][status] POST https://github.com/login/oauth/access_token 200
[debug] [2023-08-12T08:02:42.221Z] <<< [apiv2][body] POST https://github.com/login/oauth/access_token {"access_token":"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","token_type":"bearer","scope":"read:user,repo"}
[debug] [2023-08-12T08:02:42.234Z] >>> [apiv2][query] GET https://api.github.com/user [none]
[debug] [2023-08-12T08:02:42.567Z] <<< [apiv2][status] GET https://api.github.com/user 200
[debug] [2023-08-12T08:02:42.567Z] <<< [apiv2][body] GET https://api.github.com/user {"login":"NishchayR","id":90100413,"node_id":"MDQ6VXNlcjkwMTAwNDEz","avatar_url":"https://avatars.githubusercontent.com/u/90100413?v=4","gravatar_id":"","url":"https://api.github.com/users/NishchayR","html_url":"https://github.com/NishchayR","followers_url":"https://api.github.com/users/NishchayR/followers","following_url":"https://api.github.com/users/NishchayR/following{/other_user}","gists_url":"https://api.github.com/users/NishchayR/gists{/gist_id}","starred_url":"https://api.github.com/users/NishchayR/starred{/owner}{/repo}","subscriptions_url":"https://api.github.com/users/NishchayR/subscriptions","organizations_url":"https://api.github.com/users/NishchayR/orgs","repos_url":"https://api.github.com/users/NishchayR/repos","events_url":"https://api.github.com/users/NishchayR/events{/privacy}","received_events_url":"https://api.github.com/users/NishchayR/received_events","type":"User","site_admin":false,"name":null,"company":null,"blog":"","location":null,"email":null,"hireable":null,"bio":null,"twitter_username":null,"public_repos":10,"public_gists":0,"followers":0,"following":0,"created_at":"2021-09-04T14:06:50Z","updated_at":"2023-08-06T11:40:14Z","private_gists":0,"total_private_repos":0,"owned_private_repos":0,"disk_usage":18638,"collaborators":0,"two_factor_authentication":false,"plan":{"name":"free","space":976562499,"collaborators":0,"private_repos":10000}}
[info] 
[info] +  Success! Logged into GitHub as NishchayR 
[info] 
[debug] [2023-08-12T08:03:00.556Z] >>> [apiv2][query] GET https://api.github.com/repos/https://github.com/NishchayR/Daily_News/actions/secrets/public-key type=owner
[debug] [2023-08-12T08:03:00.855Z] <<< [apiv2][status] GET https://api.github.com/repos/https://github.com/NishchayR/Daily_News/actions/secrets/public-key 404
[debug] [2023-08-12T08:03:00.855Z] <<< [apiv2][body] GET https://api.github.com/repos/https://github.com/NishchayR/Daily_News/actions/secrets/public-key {"message":"Not Found","documentation_url":"https://docs.github.com/rest"}
[info] 
[info] 
[error] !  The provided authorization cannot be used with this repository. If this repository is in an organization, did you remember to grant access? 
[info] 
[info] i  Action required: Visit this URL to ensure access has been granted to the appropriate organization(s) for the Firebase CLI GitHub OAuth App: 
[info] https://github.com/settings/connections/applications/89cf50f02ac6aaed3484
[info] 
